<?xml version="1.0" encoding="UTF-8"?>
<!-- Generated by org.testng.reporters.JUnitXMLReporter -->
<testsuite ignored="0" hostname="zoran" failures="1" tests="1" name="Test1" time="12.189" errors="0" timestamp="2021-11-29T11:46:40 CET">
  <testcase classname="zsevo.FirstTest" name="test" time="0.212">
    <failure type="java.lang.AssertionError" message="expected [] but found [Marija]">
      <![CDATA[java.lang.AssertionError: expected [] but found [Marija]
at zsevo.FirstTest.test(FirstTest.java:31)
at java.base/java.util.ArrayList.forEach(ArrayList.java:1507)
... Removed 33 stack frames]]>
    </failure>
  </testcase> <!-- test -->
</testsuite> <!-- Test1 -->
